<?xml version="1.0" encoding="utf-8"?>
<test-run id="2" testcasecount="3" result="Passed" total="3" passed="3" failed="0" inconclusive="0" skipped="0" asserts="0" engine-version="3.5.0.0" clr-version="4.0.30319.42000" start-time="2026-08-24 03:03:34Z" end-time="2026-08-24 03:03:41Z" duration="7.0854768">
  <test-suite type="TestSuite" id="1010" name="ShengXiSurvivalDemo" fullname="ShengXiSurvivalDemo" runstate="Runnable" testcasecount="3" result="Passed" start-time="2026-08-24 03:03:34Z" end-time="2026-08-24 03:03:41Z" duration="7.085477" total="3" passed="3" failed="0" inconclusive="0" skipped="0" asserts="0">
    <properties>
      <property name="platform" value="PlayMode" />
    </properties>
    <test-suite type="Assembly" id="1005" name="ShengXi.Tests.PlayMode.dll" fullname="D:/unity/ShengXiSurvivalDemo/Library/ScriptAssemblies/ShengXi.Tests.PlayMode.dll" runstate="Runnable" testcasecount="3" result="Passed" start-time="2026-08-24 03:03:34Z" end-time="2026-08-24 03:03:41Z" duration="7.075969" total="3" passed="3" failed="0" inconclusive="0" skipped="0" asserts="0">
      <properties>
        <property name="_PID" value="12708" />
        <property name="_APPDOMAIN" value="Unity Child Domain" />
        <property name="platform" value="PlayMode" />
        <property name="EditorOnly" value="False" />
      </properties>
      <test-suite type="TestSuite" id="1006" name="ShengXi" fullname="ShengXi" runstate="Runnable" testcasecount="3" result="Passed" start-time="2026-08-24 03:03:34Z" end-time="2026-08-24 03:03:41Z" duration="7.075167" total="3" passed="3" failed="0" inconclusive="0" skipped="0" asserts="0">
        <properties />
        <test-suite type="TestSuite" id="1007" name="Tests" fullname="ShengXi.Tests" runstate="Runnable" testcasecount="3" result="Passed" start-time="2026-08-24 03:03:34Z" end-time="2026-08-24 03:03:41Z" duration="7.074744" total="3" passed="3" failed="0" inconclusive="0" skipped="0" asserts="0">
          <properties />
          <test-suite type="TestSuite" id="1008" name="PlayMode" fullname="ShengXi.Tests.PlayMode" runstate="Runnable" testcasecount="3" result="Passed" start-time="2026-08-24 03:03:34Z" end-time="2026-08-24 03:03:41Z" duration="7.074379" total="3" passed="3" failed="0" inconclusive="0" skipped="0" asserts="0">
            <properties />
            <test-suite type="TestFixture" id="1001" name="SmokeTests" fullname="ShengXi.Tests.PlayMode.SmokeTests" classname="ShengXi.Tests.PlayMode.SmokeTests" runstate="Runnable" testcasecount="3" result="Passed" start-time="2026-08-24 03:03:34Z" end-time="2026-08-24 03:03:41Z" duration="7.073111" total="3" passed="3" failed="0" inconclusive="0" skipped="0" asserts="0">
              <properties />
              <test-case id="1003" name="DayNightLoop_CompletesFirstNight" fullname="ShengXi.Tests.PlayMode.SmokeTests.DayNightLoop_CompletesFirstNight" methodname="DayNightLoop_CompletesFirstNight" classname="ShengXi.Tests.PlayMode.SmokeTests" runstate="Runnable" seed="1911506096" result="Passed" start-time="2026-08-24 03:03:34Z" end-time="2026-08-24 03:03:41Z" duration="7.012683" asserts="0">
                <properties>
                  <property name="_JOINTYPE" value="UnityCombinatorial" />
                  <property name="retryIteration" value="0" />
                  <property name="repeatIteration" value="0" />
                </properties>
              </test-case>
              <test-case id="1002" name="RuntimeWorld_BootstrapsCorrectly" fullname="ShengXi.Tests.PlayMode.SmokeTests.RuntimeWorld_BootstrapsCorrectly" methodname="RuntimeWorld_BootstrapsCorrectly" classname="ShengXi.Tests.PlayMode.SmokeTests" runstate="Runnable" seed="481389710" result="Passed" start-time="2026-08-24 03:03:41Z" end-time="2026-08-24 03:03:41Z" duration="0.005905" asserts="0">
                <properties>
                  <property name="_JOINTYPE" value="UnityCombinatorial" />
                  <property name="retryIteration" value="0" />
                  <property name="repeatIteration" value="0" />
                </properties>
              </test-case>
              <test-case id="1004" name="SaveLoad_RoundTrip_AtRuntime" fullname="ShengXi.Tests.PlayMode.SmokeTests.SaveLoad_RoundTrip_AtRuntime" methodname="SaveLoad_RoundTrip_AtRuntime" classname="ShengXi.Tests.PlayMode.SmokeTests" runstate="Runnable" seed="1363873274" result="Passed" start-time="2026-08-24 03:03:41Z" end-time="2026-08-24 03:03:41Z" duration="0.042209" asserts="0">
                <properties>
                  <property name="_JOINTYPE" value="UnityCombinatorial" />
                  <property name="retryIteration" value="0" />
                  <property name="repeatIteration" value="0" />
                </properties>
                <output><![CDATA[[Save] 已存档：第 2 天
[Save] 读档完成：第 2 天
Saving results to: D:\unity\ShengXiSurvivalDemo\playmode-results.xml
]]></output>
              </test-case>
            </test-suite>
          </test-suite>
        </test-suite>
      </test-suite>
    </test-suite>
  </test-suite>
</test-run>